<?xml version="1.0" encoding="UTF-8"?>
<!-- Generated by org.testng.reporters.JUnitReportReporter -->
<testsuite hostname="MHdeMacBook-Pro.local" name="TestTest" tests="2" failures="0" timestamp="5 Mar 2020 03:01:19 GMT" time="0.010" errors="0">
  <testcase name="testAdd" time="0.010" classname="TestTest"/>
  <testcase name="testSub" time="0.000" classname="TestTest"/>
</testsuite> <!-- TestTest -->
