<?xml version="1.0" encoding="UTF-8"?>
<!-- Generated by org.testng.reporters.JUnitReportReporter -->
<testsuite hostname="bogon" name="TestTest" tests="2" failures="0" timestamp="8 May 2020 02:30:57 GMT" time="0.027" errors="0">
  <testcase name="testSub" time="0.001" classname="TestTest"/>
  <testcase name="testAdd" time="0.026" classname="TestTest"/>
</testsuite> <!-- TestTest -->
