<?xml version="1.0" encoding="UTF-8"?>
<!-- Generated by org.testng.reporters.JUnitReportReporter -->
<testsuite hostname="bogon" name="TestTest" tests="2" failures="0" timestamp="7 Apr 2020 08:37:20 GMT" time="0.012" errors="0">
  <testcase name="testAdd" time="0.012" classname="TestTest"/>
  <testcase name="testSub" time="0.000" classname="TestTest"/>
</testsuite> <!-- TestTest -->
