<?xml version="1.0" encoding="UTF-8"?>
<!-- Generated by org.testng.reporters.JUnitReportReporter -->
<testsuite hostname="bogon" name="TestTest" tests="2" failures="0" timestamp="8 May 2020 03:04:26 GMT" time="0.014" errors="0">
  <testcase name="testSub" time="0.000" classname="TestTest"/>
  <testcase name="testAdd" time="0.014" classname="TestTest"/>
</testsuite> <!-- TestTest -->
